<?xml version="1.0" encoding="UTF-8"?>
<!-- Generated by org.testng.reporters.JUnitXMLReporter -->
<testsuite ignored="0" hostname="DESKTOP-01T6LE9" failures="0" tests="4" name="chromeTest" time="34.997" errors="0" timestamp="2022-10-08T12:13:39 IST">
  <testcase classname="com.testclass.Tc01_Verify_Login_functionality" name="verifyLoginFunctionality" time="0.042"/>
  <testcase classname="com.testclass.Tc02_VerifyLogout_functionalitry" name="verifyLogoutfunctionality" time="0.015"/>
  <testcase classname="com.testclass.Tc03_Verifyoneaddtocartbuttonfunctionilty" name="verifyproductfunctionality" time="0.191"/>
  <testcase classname="com.testclass.Tc04_Verifyallproductcartbutton" name="verifyallproductfunctionality" time="0.849"/>
</testsuite> <!-- chromeTest -->
