<?xml version="1.0" encoding="UTF-8"?>
<!-- Generated by org.testng.reporters.JUnitXMLReporter -->
<testsuite ignored="0" hostname="DESKTOP-01T6LE9" failures="0" tests="4" name="fireFoxTest" time="47.086" errors="0" timestamp="2022-10-08T12:14:26 IST">
  <testcase classname="com.testclass.Tc01_Verify_Login_functionality" name="verifyLoginFunctionality" time="0.016"/>
  <testcase classname="com.testclass.Tc02_VerifyLogout_functionalitry" name="verifyLogoutfunctionality" time="0.016"/>
  <testcase classname="com.testclass.Tc03_Verifyoneaddtocartbuttonfunctionilty" name="verifyproductfunctionality" time="0.316"/>
  <testcase classname="com.testclass.Tc04_Verifyallproductcartbutton" name="verifyallproductfunctionality" time="1.502"/>
</testsuite> <!-- fireFoxTest -->
