<?xml version="1.0" encoding="UTF-8"?>
<!-- Generated by org.testng.reporters.JUnitXMLReporter -->
<testsuite ignored="0" hostname="DESKTOP-01T6LE9" failures="0" tests="2" name="LowprivorityTest" time="10.521" errors="0" timestamp="2022-10-08T11:36:14 IST">
  <testcase classname="com.testclass.Tc03_Verifyoneaddtocartbuttonfunctionilty" name="verifyproductfunctionality" time="0.185"/>
  <testcase classname="com.testclass.Tc04_Verifyallproductcartbutton" name="verifyallproductfunctionality" time="0.533"/>
</testsuite> <!-- LowprivorityTest -->
